%!Adobe-FontList 1.23
%Locale:0x406

%BeginFont
Handler:DirectoryHandler
FontType:Type1
FontName:HelveticaNeueLTStd-Hv
FamilyName:Helvetica Neue LT Std
StyleName:85 Heavy
FullName:Helvetica Neue LT Std 85 Heavy
MenuName:HelveticaNeueLT Std Med
StyleBits:2
WritingScript:Roman
OutlineFileName:C:\Users\Mathias\Desktop\Design Studio 2\Assignment 3 - Analysis of Sport Stadiums_Arenas\Assignment 2 - Analysis of Sport Stadiums_Arenas Folder\Document fonts\HelveticaNeueLTStd-Hv.otf
DataFormat:sfntData
UsesStandardEncoding:yes
isCFF:yes
hasSVG:no
VariableFontType:NonVariableFont
FileLength:29972
FileModTime:1675425627
WeightClass:750
WidthClass:5
AngleClass:0
DesignSize:120
NameArray:0,Mac,18,HelveticaNeueLT Std Hvy
NameArray:0,Mac,4,Helvetica Neue LT Std 85 Heavy
NameArray:0,Win,1,HelveticaNeueLT Std Med
NameArray:0,Win,16,Helvetica Neue LT Std
%EndFont

%BeginFont
Handler:DirectoryHandler
FontType:Type1
FontName:HelveticaNeueLTStd-Th
FamilyName:Helvetica Neue LT Std
StyleName:35 Thin
FullName:Helvetica Neue LT Std 35 Thin
MenuName:HelveticaNeueLT Std Thin
StyleBits:0
WritingScript:Roman
OutlineFileName:C:\Users\Mathias\Desktop\Design Studio 2\Assignment 3 - Analysis of Sport Stadiums_Arenas\Assignment 2 - Analysis of Sport Stadiums_Arenas Folder\Document fonts\HelveticaNeueLTStd-Th.otf
DataFormat:sfntData
UsesStandardEncoding:yes
isCFF:yes
hasSVG:no
VariableFontType:NonVariableFont
FileLength:28988
FileModTime:1675425631
WeightClass:250
WidthClass:5
AngleClass:0
DesignSize:120
NameArray:0,Mac,18,HelveticaNeueLT Std Thin
NameArray:0,Mac,4,Helvetica Neue LT Std 35 Thin
NameArray:0,Win,1,HelveticaNeueLT Std Thin
NameArray:0,Win,16,Helvetica Neue LT Std
%EndFont

